2025:02:13 16:21:01 - Clean up started
2025:02:13 16:21:01 - Cleaned up *.gz files in /home/ueba/uploads
2025:02:13 16:21:01 - Cleaned up *.xlsx files in /home/ueba/uploads
2025:02:13 16:21:01 - Cleaned up *.gz files in /var/www/html/reports
2025:02:13 16:21:01 - Cleaned up *.xlsx files in /var/www/html/reports
2025:02:14 16:47:01 - Clean up started : 
2025:02:14 16:47:01 - Cleaned up *.gz files in /home/ueba/uploads
2025:02:14 16:47:01 - Cleaned up *.xlsx files in /home/ueba/uploads
2025:02:14 16:47:01 - Cleaned up *.gz files in /var/www/html/reports
2025:02:14 16:47:01 - Cleaned up *.xlsx files in /var/www/html/reports
2025:02:15 03:36:01 - Clean up started : 
2025:02:15 03:36:01 - Cleaned up *.gz files in /home/ueba/uploads
2025:02:15 03:36:01 - Cleaned up *.xlsx files in /home/ueba/uploads
2025:02:15 03:36:01 - Cleaned up *.gz files in /var/www/html/reports
2025:02:15 03:36:01 - Cleaned up *.xlsx files in /var/www/html/reports
2025:02:15 17:46:01 - Clean up started : 
2025:02:15 17:46:01 - Cleaned up *.gz files in /home/ueba/uploads
2025:02:15 17:46:01 - Cleaned up *.xlsx files in /home/ueba/uploads
2025:02:15 17:46:01 - Cleaned up *.gz files in /var/www/html/reports
2025:02:15 17:46:01 - Cleaned up *.xlsx files in /var/www/html/reports
2025:02:15 23:34:01 - Clean up started : 
2025:02:15 23:34:01 - Cleaned up *.gz files in /home/ueba/uploads
2025:02:15 23:34:01 - Cleaned up *.xlsx files in /home/ueba/uploads
2025:02:15 23:34:01 - Cleaned up *.gz files in /var/www/html/reports
2025:02:15 23:34:01 - Cleaned up *.xlsx files in /var/www/html/reports
2025:02:16 03:43:01 - Clean up started : 
2025:02:16 03:43:01 - Cleaned up *.gz files in /home/ueba/uploads
2025:02:16 03:43:01 - Cleaned up *.xlsx files in /home/ueba/uploads
2025:02:16 03:43:01 - Cleaned up *.gz files in /var/www/html/reports
2025:02:16 03:43:01 - Cleaned up *.xlsx files in /var/www/html/reports
