/home/ueba/start.sh: line 23: /home/ueba/sh/monitor.sh: No such file or directory
2025:02:13 15:15:40 monitoring shell started... target=/home/ueba/uploads
Setting up watches.
Watches established.
2025:02:13 15:50:49 monitoring shell started... target=/home/ueba/uploads
Setting up watches.
Watches established.
2025:02:13 15:52:52 monitoring shell started... target=/home/ueba/uploads
Setting up watches.
Watches established.
2025:02:13 15:54:13 monitoring shell started... target=/home/ueba/uploads
Setting up watches.
Watches established.
2025:02:13 16:27:21 monitoring shell started... target=/home/ueba/uploads
Setting up watches.
Watches established.
2025:02:13 16:42:07 monitoring shell started... target=/home/ueba/uploads
Setting up watches.
Watches established.
2025:02:14 13:46:48 monitoring shell started... target=/home/ueba/uploads
Setting up watches.
Watches established.
2025:02:14 14:27:15 monitoring shell started... target=/home/ueba/uploads
Setting up watches.
Watches established.
2025:02:14 14:29:53 monitoring shell started... target=/home/ueba/uploads
Setting up watches.
Watches established.
2025:02:14 14:32:54 monitoring shell started... target=/home/ueba/uploads
Setting up watches.
Watches established.
2025:02:14 15:54:15 monitoring shell started... target=/home/ueba/uploads
Setting up watches.
Watches established.
2025:02:15 16:33:15 monitoring shell started... target=/home/ueba/uploads
Setting up watches.
Watches established.
2025:02:15 16:46:31 monitoring shell started... target=/home/ueba/uploads
Setting up watches.
Watches established.
2025:02:15 17:57:32 File arrived:/home/ueba/uploads/monitor.sh
2025:02:15 17:59:10 File arrived:/home/ueba/uploads/monitor.sh
2025:02:15 22:19:18 monitoring shell started... target=/home/ueba/uploads
Setting up watches.
Watches established.
2025:02:15 22:53:03 monitoring shell started... target=/home/ueba/uploads
Setting up watches.
Watches established.
2025:02:16 13:16:12 monitoring shell started... target=/home/ueba/uploads
Setting up watches.
Watches established.
