2025:02:13 14:19:34 start.sh:Setup keygen...
2025:02:13 14:19:34 start.sh:Start monitoring...
2025:02:13 14:19:34 start.sh:Starting SSH server...
2025:02:13 14:19:34 start.sh:Starting crond...
2025:02:13 14:19:34 start.sh:Starting Apache (httpd) in foreground...
2025:02:13 14:29:40 start.sh:Setup keygen...
2025:02:13 14:29:40 start.sh:Start monitoring...
2025:02:13 14:29:40 start.sh:Starting SSH server...
2025:02:13 14:29:40 start.sh:Starting crond...
2025:02:13 14:29:40 start.sh:Starting Apache (httpd) in foreground...
2025:02:13 14:31:46 start.sh:Setup keygen...
2025:02:13 14:31:46 start.sh:Start monitoring...
2025:02:13 14:31:46 start.sh:Starting SSH server...
2025:02:13 14:31:46 start.sh:Starting crond...
2025:02:13 14:31:46 start.sh:Starting Apache (httpd) in foreground...
2025:02:13 14:38:22 start.sh:Setup keygen...
2025:02:13 14:38:22 start.sh:Start monitoring...
2025:02:13 14:38:22 start.sh:Starting SSH server...
2025:02:13 14:38:22 start.sh:Starting crond...
2025:02:13 14:38:22 start.sh:Starting Apache (httpd) in foreground...
2025:02:13 15:11:21 start.sh:Setup keygen...
2025:02:13 15:11:21 start.sh:Start monitoring...
2025:02:13 15:11:21 start.sh:Starting SSH server...
2025:02:13 15:11:21 start.sh:Starting crond...
2025:02:13 15:11:21 start.sh:Starting Apache (httpd) in foreground...
AH00558: httpd: Could not reliably determine the server's fully qualified domain name, using 172.18.0.2. Set the 'ServerName' directive globally to suppress this message
2025:02:13 15:15:39 start.sh:Setup keygen...
2025:02:13 15:15:40 start.sh:Start monitoring...
2025:02:13 15:15:40 start.sh:Starting SSH server...
2025:02:13 15:15:40 start.sh:Starting crond...
2025:02:13 15:15:40 start.sh:Starting Apache (httpd) in foreground...
AH00558: httpd: Could not reliably determine the server's fully qualified domain name, using 172.18.0.2. Set the 'ServerName' directive globally to suppress this message
2025:02:13 15:50:49 start.sh:Setup keygen...
2025:02:13 15:50:49 start.sh:Start monitoring...
2025:02:13 15:50:49 start.sh:Starting SSH server...
2025:02:13 15:50:49 start.sh:Starting crond...
2025:02:13 15:50:49 start.sh:Starting Apache (httpd) in foreground...
2025:02:13 15:52:52 start.sh:Setup keygen...
2025:02:13 15:52:52 start.sh:Start monitoring...
2025:02:13 15:52:52 start.sh:Starting SSH server...
2025:02:13 15:52:52 start.sh:Starting crond...
2025:02:13 15:52:52 start.sh:Starting Apache (httpd) in foreground...
2025:02:13 15:54:13 start.sh:Setup keygen...
2025:02:13 15:54:13 start.sh:Starting monitoring...
2025:02:13 15:54:13 start.sh:Starting SSH server...
2025:02:13 15:54:13 start.sh:Starting crond...
2025:02:13 15:54:13 start.sh:Starting Apache (httpd) in foreground...
2025:02:13 16:27:21 start.sh:Setup keygen...
2025:02:13 16:27:21 start.sh:Starting monitoring...
2025:02:13 16:27:21 start.sh:Starting SSH server...
2025:02:13 16:27:21 start.sh:Starting crond...
2025:02:13 16:27:21 start.sh:Starting Apache (httpd) in foreground...
2025:02:13 16:42:07 start.sh:Setup keygen...
2025:02:13 16:42:07 start.sh:Starting monitoring...
2025:02:13 16:42:07 start.sh:Starting SSH server...
2025:02:13 16:42:07 start.sh:Starting crond...
2025:02:13 16:42:07 start.sh:Starting Apache (httpd) in foreground...
